Flutter crash report; please file at https://github.com/flutter/flutter/issues.

## command

flutter build aot --suppress-analytics --quiet --target /home/akshit/TechTatva'19/techtatva19/lib/main.dart --target-platform android-arm --output-dir /home/akshit/TechTatva'19/techtatva19/build/app/intermediates/flutter/profile --target-platform android-arm64 --profile

## exception

NoSuchMethodError: NoSuchMethodError: The getter 'stderr' was called on null.
Receiver: null
Tried calling: stderr

```
#0      Object.noSuchMethod (dart:core-patch/object_patch.dart:50:5)
#1      KernelCompiler.compile (package:flutter_tools/src/compile.dart:327:12)
<asynchronous suspension>
#2      AOTSnapshotter.compileKernel.<anonymous closure> (package:flutter_tools/src/base/build.dart:319:93)
#3      AOTSnapshotter._timedStep (package:flutter_tools/src/base/build.dart:363:33)
<asynchronous suspension>
#4      AOTSnapshotter.compileKernel (package:flutter_tools/src/base/build.dart:319:49)
<asynchronous suspension>
#5      BuildAotCommand.runCommand (package:flutter_tools/src/commands/build_aot.dart:87:36)
<asynchronous suspension>
#6      FlutterCommand.verifyThenRunCommand (package:flutter_tools/src/runner/flutter_command.dart:559:18)
<asynchronous suspension>
#7      FlutterCommand.run.<anonymous closure> (package:flutter_tools/src/runner/flutter_command.dart:495:33)
<asynchronous suspension>
#8      AppContext.run.<anonymous closure> (package:flutter_tools/src/base/context.dart:142:29)
<asynchronous suspension>
#9      _rootRun (dart:async/zone.dart:1124:13)
#10     _CustomZone.run (dart:async/zone.dart:1021:19)
#11     _runZoned (dart:async/zone.dart:1516:10)
#12     runZoned (dart:async/zone.dart:1463:12)
#13     AppContext.run (package:flutter_tools/src/base/context.dart:141:18)
<asynchronous suspension>
#14     FlutterCommand.run (package:flutter_tools/src/runner/flutter_command.dart:486:20)
#15     CommandRunner.runCommand (package:args/command_runner.dart:196:27)
<asynchronous suspension>
#16     FlutterCommandRunner.runCommand.<anonymous closure> (package:flutter_tools/src/runner/flutter_command_runner.dart:396:21)
<asynchronous suspension>
#17     AppContext.run.<anonymous closure> (package:flutter_tools/src/base/context.dart:142:29)
<asynchronous suspension>
#18     _rootRun (dart:async/zone.dart:1124:13)
#19     _CustomZone.run (dart:async/zone.dart:1021:19)
#20     _runZoned (dart:async/zone.dart:1516:10)
#21     runZoned (dart:async/zone.dart:1463:12)
#22     AppContext.run (package:flutter_tools/src/base/context.dart:141:18)
<asynchronous suspension>
#23     FlutterCommandRunner.runCommand (package:flutter_tools/src/runner/flutter_command_runner.dart:356:19)
<asynchronous suspension>
#24     CommandRunner.run.<anonymous closure> (package:args/command_runner.dart:111:29)
#25     new Future.sync (dart:async/future.dart:224:31)
#26     CommandRunner.run (package:args/command_runner.dart:111:11)
#27     FlutterCommandRunner.run (package:flutter_tools/src/runner/flutter_command_runner.dart:242:18)
#28     run.<anonymous closure> (package:flutter_tools/runner.dart:60:20)
<asynchronous suspension>
#29     AppContext.run.<anonymous closure> (package:flutter_tools/src/base/context.dart:142:29)
<asynchronous suspension>
#30     _rootRun (dart:async/zone.dart:1124:13)
#31     _CustomZone.run (dart:async/zone.dart:1021:19)
#32     _runZoned (dart:async/zone.dart:1516:10)
#33     runZoned (dart:async/zone.dart:1463:12)
#34     AppContext.run (package:flutter_tools/src/base/context.dart:141:18)
<asynchronous suspension>
#35     runInContext (package:flutter_tools/src/context_runner.dart:50:24)
<asynchronous suspension>
#36     run (package:flutter_tools/runner.dart:51:10)
#37     main (package:flutter_tools/executable.dart:60:9)
<asynchronous suspension>
#38     main (file:///home/akshit/flutter-dev/flutter/packages/flutter_tools/bin/flutter_tools.dart:8:3)
#39     _startIsolate.<anonymous closure> (dart:isolate-patch/isolate_patch.dart:298:32)
#40     _RawReceivePortImpl._handleMessage (dart:isolate-patch/isolate_patch.dart:171:12)
```

## flutter doctor

```
encountered exception: ProcessException: OS error message was a not a utf8 string.
  Command: /opt/android-studio/jre/bin/java -version

#0      _ProcessImpl._runAndWait (dart:io-patch/process_patch.dart:489:7)
#1      _runNonInteractiveProcessSync (dart:io-patch/process_patch.dart:634:18)
#2      Process.runSync (dart:io-patch/process_patch.dart:66:12)
#3      LocalProcessManager.runSync (package:process/src/interface/local_process_manager.dart:83:20)
#4      AndroidStudio._init (package:flutter_tools/src/android/android_studio.dart:298:51)
#5      new AndroidStudio (package:flutter_tools/src/android/android_studio.dart:40:5)
#6      new AndroidStudio.fromHomeDot (package:flutter_tools/src/android/android_studio.dart:100:14)
#7      AndroidStudio._allLinuxOrWindows (package:flutter_tools/src/android/android_studio.dart:242:54)
#8      AndroidStudio.allInstalled (package:flutter_tools/src/android/android_studio.dart:175:40)
#9      AndroidStudioValidator.allValidators (package:flutter_tools/src/android/android_studio_validator.dart:21:55)
#10     _DefaultDoctorValidatorsProvider.validators (package:flutter_tools/src/doctor.dart:65:51)
#11     Doctor.validators (package:flutter_tools/src/doctor.dart:121:46)
#12     Doctor.startValidatorTasks (package:flutter_tools/src/doctor.dart:128:39)
#13     Doctor.diagnose (package:flutter_tools/src/doctor.dart:200:41)
<asynchronous suspension>
#14     _doctorText.<anonymous closure> (package:flutter_tools/runner.dart:188:26)
#15     AppContext.run.<anonymous closure> (package:flutter_tools/src/base/context.dart:142:29)
<asynchronous suspension>
#16     _rootRun (dart:async/zone.dart:1124:13)
#17     _CustomZone.run (dart:async/zone.dart:1021:19)
#18     _runZoned (dart:async/zone.dart:1516:10)
#19     runZoned (dart:async/zone.dart:1463:12)
#20     AppContext.run (package:flutter_tools/src/base/context.dart:141:18)
<asynchronous suspension>
#21     _doctorText (package:flutter_tools/runner.dart:187:19)
<asynchronous suspension>
#22     _createLocalCrashReport (package:flutter_tools/runner.dart:165:32)
<asynchronous suspension>
#23     _handleToolError (package:flutter_tools/runner.dart:120:33)
<asynchronous suspension>
#24     run.<anonymous closure> (package:flutter_tools/runner.dart:64:20)
<asynchronous suspension>
#25     AppContext.run.<anonymous closure> (package:flutter_tools/src/base/context.dart:142:29)
<asynchronous suspension>
#26     _rootRun (dart:async/zone.dart:1124:13)
#27     _CustomZone.run (dart:async/zone.dart:1021:19)
#28     _runZoned (dart:async/zone.dart:1516:10)
#29     runZoned (dart:async/zone.dart:1463:12)
#30     AppContext.run (package:flutter_tools/src/base/context.dart:141:18)
<asynchronous suspension>
#31     runInContext (package:flutter_tools/src/context_runner.dart:50:24)
<asynchronous suspension>
#32     run (package:flutter_tools/runner.dart:51:10)
#33     main (package:flutter_tools/executable.dart:60:9)
<asynchronous suspension>
#34     main (file:///home/akshit/flutter-dev/flutter/packages/flutter_tools/bin/flutter_tools.dart:8:3)
#35     _startIsolate.<anonymous closure> (dart:isolate-patch/isolate_patch.dart:298:32)
#36     _RawReceivePortImpl._handleMessage (dart:isolate-patch/isolate_patch.dart:171:12)
```
